{"/Users/yagnesh.modh/Projects/zeolearn-irie/src/App.js": {"path":"/Users/yagnesh.modh/Projects/zeolearn-irie/src/App.js","statementMap":{"0":{"start":{"line":1,"column":0},"end":{"line":null,"column":-1}},"1":{"start":{"line":53,"column":4},"end":{"line":null,"column":-1}},"2":{"start":{"line":52,"column":21},"end":{"line":null,"column":-1}},"3":{"start":{"line":96,"column":4},"end":{"line":null,"column":-1}},"4":{"start":{"line":97,"column":4},"end":{"line":null,"column":-1}},"5":{"start":{"line":101,"column":4},"end":{"line":null,"column":-1}},"6":{"start":{"line":102,"column":4},"end":{"line":null,"column":-1}},"7":{"start":{"line":54,"column":4},"end":{"line":null,"column":-1}},"8":{"start":{"line":58,"column":4},"end":{"line":null,"column":-1}},"9":{"start":{"line":59,"column":4},"end":{"line":null,"column":-1}},"10":{"start":{"line":73,"column":4},"end":{"line":72,"column":22}},"11":{"start":{"line":74,"column":6},"end":{"line":null,"column":-1}},"12":{"start":{"line":81,"column":4},"end":{"line":null,"column":-1}},"13":{"start":{"line":82,"column":4},"end":{"line":null,"column":-1}},"14":{"start":{"line":86,"column":4},"end":{"line":null,"column":-1}},"15":{"start":{"line":87,"column":4},"end":{"line":null,"column":-1}},"16":{"start":{"line":91,"column":4},"end":{"line":null,"column":-1}},"17":{"start":{"line":92,"column":4},"end":{"line":null,"column":-1}},"18":{"start":{"line":106,"column":4},"end":{"line":null,"column":-1}},"19":{"start":{"line":114,"column":4},"end":{"line":null,"column":-1}},"20":{"start":{"line":115,"column":4},"end":{"line":null,"column":-1}},"21":{"start":{"line":119,"column":12},"end":{"line":null,"column":-1}},"22":{"start":{"line":128,"column":12},"end":{"line":null,"column":-1}}},"fnMap":{"0":{"name":"(anonymous_0)","decl":{"start":{"line":52,"column":2},"end":{"line":52,"column":12}},"loc":{"start":{"line":52,"column":21},"end":{"line":55,"column":3}}},"1":{"name":"(anonymous_1)","decl":{"start":{"line":95,"column":23},"end":{"line":95,"column":24}},"loc":{"start":{"line":95,"column":59},"end":{"line":52,"column":21}}},"2":{"name":"(anonymous_2)","decl":{"start":{"line":100,"column":25},"end":{"line":100,"column":30}},"loc":{"start":{"line":100,"column":31},"end":{"line":52,"column":21}}},"3":{"name":"(anonymous_3)","decl":{"start":{"line":57,"column":2},"end":{"line":57,"column":8}},"loc":{"start":{"line":57,"column":48},"end":{"line":44,"column":28}}},"4":{"name":"(anonymous_4)","decl":{"start":{"line":72,"column":2},"end":{"line":72,"column":18}},"loc":{"start":{"line":72,"column":22},"end":{"line":83,"column":3}}},"5":{"name":"(anonymous_5)","decl":{"start":{"line":73,"column":39},"end":{"line":73,"column":44}},"loc":{"start":{"line":73,"column":45},"end":{"line":73,"column":4}}},"6":{"name":"(anonymous_6)","decl":{"start":{"line":85,"column":2},"end":{"line":85,"column":22}},"loc":{"start":{"line":85,"column":26},"end":{"line":88,"column":3}}},"7":{"name":"(anonymous_7)","decl":{"start":{"line":90,"column":2},"end":{"line":90,"column":24}},"loc":{"start":{"line":90,"column":48},"end":{"line":93,"column":3}}},"8":{"name":"(anonymous_8)","decl":{"start":{"line":105,"column":2},"end":{"line":105,"column":8}},"loc":{"start":{"line":105,"column":41},"end":{"line":109,"column":3}}},"9":{"name":"(anonymous_9)","decl":{"start":{"line":111,"column":2},"end":{"line":111,"column":18}},"loc":{"start":{"line":111,"column":33},"end":{"line":111,"column":35}}},"10":{"name":"(anonymous_10)","decl":{"start":{"line":113,"column":2},"end":{"line":113,"column":7}},"loc":{"start":{"line":113,"column":11},"end":{"line":137,"column":3}}},"11":{"name":"(anonymous_11)","decl":{"start":{"line":118,"column":15},"end":{"line":118,"column":17}},"loc":{"start":{"line":118,"column":22},"end":{"line":117,"column":8}}},"12":{"name":"(anonymous_12)","decl":{"start":{"line":127,"column":19},"end":{"line":127,"column":24}},"loc":{"start":{"line":127,"column":25},"end":{"line":125,"column":8}}}},"branchMap":{},"s":{"0":0,"1":0,"2":0,"3":0,"4":0,"5":0,"6":0,"7":0,"8":0,"9":0,"10":0,"11":0,"12":0,"13":0,"14":0,"15":0,"16":0,"17":0,"18":0,"19":0,"20":0,"21":0,"22":0},"f":{"0":0,"1":0,"2":0,"3":0,"4":0,"5":0,"6":0,"7":0,"8":0,"9":0,"10":0,"11":0,"12":0},"b":{}}
,"/Users/yagnesh.modh/Projects/zeolearn-irie/src/index.js": {"path":"/Users/yagnesh.modh/Projects/zeolearn-irie/src/index.js","statementMap":{"0":{"start":{"line":1,"column":0},"end":{"line":null,"column":-1}},"1":{"start":{"line":2,"column":0},"end":{"line":null,"column":-1}},"2":{"start":{"line":3,"column":0},"end":{"line":null,"column":-1}},"3":{"start":{"line":5,"column":0},"end":{"line":null,"column":-1}},"4":{"start":{"line":6,"column":0},"end":{"line":null,"column":-1}},"5":{"start":{"line":13,"column":0},"end":{"line":null,"column":-1}}},"fnMap":{},"branchMap":{},"s":{"0":0,"1":0,"2":0,"3":0,"4":0,"5":0},"f":{},"b":{}}
,"/Users/yagnesh.modh/Projects/zeolearn-irie/src/serviceWorker.js": {"path":"/Users/yagnesh.modh/Projects/zeolearn-irie/src/serviceWorker.js","statementMap":{"0":{"start":{"line":13,"column":20},"end":{"line":13,"column":0}},"1":{"start":{"line":24,"column":2},"end":{"line":54,"column":3}},"2":{"start":{"line":26,"column":22},"end":{"line":26,"column":4}},"3":{"start":{"line":27,"column":4},"end":{"line":32,"column":5}},"4":{"start":{"line":31,"column":6},"end":{"line":null,"column":-1}},"5":{"start":{"line":34,"column":4},"end":{"line":null,"column":-1}},"6":{"start":{"line":35,"column":21},"end":{"line":35,"column":6}},"7":{"start":{"line":37,"column":6},"end":{"line":52,"column":7}},"8":{"start":{"line":39,"column":8},"end":{"line":37,"column":23}},"9":{"start":{"line":43,"column":8},"end":{"line":null,"column":-1}},"10":{"start":{"line":44,"column":10},"end":{"line":null,"column":-1}},"11":{"start":{"line":51,"column":8},"end":{"line":null,"column":-1}},"12":{"start":{"line":58,"column":2},"end":{"line":null,"column":-1}},"13":{"start":{"line":61,"column":6},"end":{"line":null,"column":-1}},"14":{"start":{"line":62,"column":33},"end":{"line":62,"column":8}},"15":{"start":{"line":63,"column":8},"end":{"line":65,"column":9}},"16":{"start":{"line":64,"column":10},"end":{"line":null,"column":-1}},"17":{"start":{"line":66,"column":8},"end":{"line":null,"column":-1}},"18":{"start":{"line":67,"column":10},"end":{"line":92,"column":11}},"19":{"start":{"line":68,"column":12},"end":{"line":91,"column":13}},"20":{"start":{"line":72,"column":14},"end":{"line":68,"column":52}},"21":{"start":{"line":78,"column":14},"end":{"line":80,"column":15}},"22":{"start":{"line":79,"column":16},"end":{"line":null,"column":-1}},"23":{"start":{"line":85,"column":14},"end":{"line":81,"column":19}},"24":{"start":{"line":88,"column":14},"end":{"line":90,"column":15}},"25":{"start":{"line":89,"column":16},"end":{"line":null,"column":-1}},"26":{"start":{"line":97,"column":6},"end":{"line":null,"column":-1}},"27":{"start":{"line":103,"column":2},"end":{"line":null,"column":-1}},"28":{"start":{"line":106,"column":26},"end":{"line":106,"column":6}},"29":{"start":{"line":107,"column":6},"end":{"line":120,"column":7}},"30":{"start":{"line":112,"column":8},"end":{"line":null,"column":-1}},"31":{"start":{"line":113,"column":10},"end":{"line":null,"column":-1}},"32":{"start":{"line":114,"column":12},"end":{"line":null,"column":-1}},"33":{"start":{"line":119,"column":8},"end":{"line":null,"column":-1}},"34":{"start":{"line":123,"column":6},"end":{"line":null,"column":-1}},"35":{"start":{"line":130,"column":2},"end":{"line":134,"column":3}},"36":{"start":{"line":131,"column":4},"end":{"line":null,"column":-1}},"37":{"start":{"line":132,"column":6},"end":{"line":null,"column":-1}}},"fnMap":{"0":{"name":"register","decl":{"start":{"line":23,"column":16},"end":{"line":23,"column":7}},"loc":{"start":{"line":23,"column":33},"end":{"line":55,"column":1}}},"1":{"name":"(anonymous_1)","decl":{"start":{"line":34,"column":36},"end":{"line":34,"column":41}},"loc":{"start":{"line":34,"column":42},"end":{"line":34,"column":4}}},"2":{"name":"(anonymous_2)","decl":{"start":{"line":43,"column":43},"end":{"line":43,"column":48}},"loc":{"start":{"line":43,"column":49},"end":{"line":43,"column":8}}},"3":{"name":"registerValidSW","decl":{"start":{"line":57,"column":9},"end":{"line":57,"column":0}},"loc":{"start":{"line":57,"column":40},"end":{"line":99,"column":1}}},"4":{"name":"(anonymous_4)","decl":{"start":{"line":60,"column":10},"end":{"line":60,"column":21}},"loc":{"start":{"line":60,"column":26},"end":{"line":58,"column":2}}},"5":{"name":"(anonymous_5)","decl":{"start":{"line":61,"column":35},"end":{"line":61,"column":40}},"loc":{"start":{"line":61,"column":41},"end":{"line":61,"column":6}}},"6":{"name":"(anonymous_6)","decl":{"start":{"line":66,"column":41},"end":{"line":66,"column":46}},"loc":{"start":{"line":66,"column":47},"end":{"line":66,"column":8}}},"7":{"name":"(anonymous_7)","decl":{"start":{"line":96,"column":11},"end":{"line":96,"column":15}},"loc":{"start":{"line":96,"column":20},"end":{"line":58,"column":2}}},"8":{"name":"checkValidServiceWorker","decl":{"start":{"line":101,"column":9},"end":{"line":101,"column":0}},"loc":{"start":{"line":101,"column":48},"end":{"line":127,"column":1}}},"9":{"name":"(anonymous_9)","decl":{"start":{"line":104,"column":10},"end":{"line":104,"column":17}},"loc":{"start":{"line":104,"column":22},"end":{"line":103,"column":2}}},"10":{"name":"(anonymous_10)","decl":{"start":{"line":112,"column":43},"end":{"line":112,"column":54}},"loc":{"start":{"line":112,"column":59},"end":{"line":112,"column":8}}},"11":{"name":"(anonymous_11)","decl":{"start":{"line":113,"column":41},"end":{"line":113,"column":46}},"loc":{"start":{"line":113,"column":47},"end":{"line":113,"column":10}}},"12":{"name":"(anonymous_12)","decl":{"start":{"line":122,"column":11},"end":{"line":122,"column":16}},"loc":{"start":{"line":122,"column":17},"end":{"line":103,"column":2}}},"13":{"name":"unregister","decl":{"start":{"line":129,"column":16},"end":{"line":129,"column":7}},"loc":{"start":{"line":129,"column":29},"end":{"line":135,"column":1}}},"14":{"name":"(anonymous_14)","decl":{"start":{"line":131,"column":39},"end":{"line":131,"column":50}},"loc":{"start":{"line":131,"column":55},"end":{"line":131,"column":4}}}},"branchMap":{"0":{"loc":{"start":{"line":14,"column":2},"end":{"line":14,"column":1}},"type":"binary-expr","locations":[{"start":{"line":14,"column":2},"end":{"line":14,"column":1}},{"start":{"line":16,"column":4},"end":{"line":14,"column":2}},{"start":{"line":18,"column":4},"end":{"line":13,"column":27}}]},"1":{"loc":{"start":{"line":24,"column":2},"end":{"line":54,"column":3}},"type":"if","locations":[{"start":{"line":24,"column":2},"end":{"line":54,"column":3}},{"start":{"line":24,"column":2},"end":{"line":54,"column":3}}]},"2":{"loc":{"start":{"line":24,"column":6},"end":{"line":24,"column":5}},"type":"binary-expr","locations":[{"start":{"line":24,"column":6},"end":{"line":24,"column":5}},{"start":{"line":24,"column":47},"end":{"line":24,"column":2}}]},"3":{"loc":{"start":{"line":27,"column":4},"end":{"line":32,"column":5}},"type":"if","locations":[{"start":{"line":27,"column":4},"end":{"line":32,"column":5}},{"start":{"line":27,"column":4},"end":{"line":32,"column":5}}]},"4":{"loc":{"start":{"line":37,"column":6},"end":{"line":52,"column":7}},"type":"if","locations":[{"start":{"line":37,"column":6},"end":{"line":52,"column":7}},{"start":{"line":37,"column":6},"end":{"line":52,"column":7}}]},"5":{"loc":{"start":{"line":63,"column":8},"end":{"line":65,"column":9}},"type":"if","locations":[{"start":{"line":63,"column":8},"end":{"line":65,"column":9}},{"start":{"line":63,"column":8},"end":{"line":65,"column":9}}]},"6":{"loc":{"start":{"line":67,"column":10},"end":{"line":92,"column":11}},"type":"if","locations":[{"start":{"line":67,"column":10},"end":{"line":92,"column":11}},{"start":{"line":67,"column":10},"end":{"line":92,"column":11}}]},"7":{"loc":{"start":{"line":68,"column":12},"end":{"line":91,"column":13}},"type":"if","locations":[{"start":{"line":68,"column":12},"end":{"line":91,"column":13}},{"start":{"line":68,"column":12},"end":{"line":91,"column":13}}]},"8":{"loc":{"start":{"line":78,"column":14},"end":{"line":80,"column":15}},"type":"if","locations":[{"start":{"line":78,"column":14},"end":{"line":80,"column":15}},{"start":{"line":78,"column":14},"end":{"line":80,"column":15}}]},"9":{"loc":{"start":{"line":78,"column":18},"end":{"line":78,"column":24}},"type":"binary-expr","locations":[{"start":{"line":78,"column":18},"end":{"line":78,"column":24}},{"start":{"line":78,"column":28},"end":{"line":78,"column":14}}]},"10":{"loc":{"start":{"line":88,"column":14},"end":{"line":90,"column":15}},"type":"if","locations":[{"start":{"line":88,"column":14},"end":{"line":90,"column":15}},{"start":{"line":88,"column":14},"end":{"line":90,"column":15}}]},"11":{"loc":{"start":{"line":88,"column":18},"end":{"line":88,"column":24}},"type":"binary-expr","locations":[{"start":{"line":88,"column":18},"end":{"line":88,"column":24}},{"start":{"line":88,"column":28},"end":{"line":88,"column":14}}]},"12":{"loc":{"start":{"line":107,"column":6},"end":{"line":120,"column":7}},"type":"if","locations":[{"start":{"line":107,"column":6},"end":{"line":120,"column":7}},{"start":{"line":107,"column":6},"end":{"line":120,"column":7}}]},"13":{"loc":{"start":{"line":108,"column":8},"end":{"line":108,"column":7}},"type":"binary-expr","locations":[{"start":{"line":108,"column":8},"end":{"line":108,"column":7}},{"start":{"line":109,"column":9},"end":{"line":109,"column":8}},{"start":{"line":109,"column":32},"end":{"line":107,"column":6}}]},"14":{"loc":{"start":{"line":130,"column":2},"end":{"line":134,"column":3}},"type":"if","locations":[{"start":{"line":130,"column":2},"end":{"line":134,"column":3}},{"start":{"line":130,"column":2},"end":{"line":134,"column":3}}]}},"s":{"0":0,"1":0,"2":0,"3":0,"4":0,"5":0,"6":0,"7":0,"8":0,"9":0,"10":0,"11":0,"12":0,"13":0,"14":0,"15":0,"16":0,"17":0,"18":0,"19":0,"20":0,"21":0,"22":0,"23":0,"24":0,"25":0,"26":0,"27":0,"28":0,"29":0,"30":0,"31":0,"32":0,"33":0,"34":0,"35":0,"36":0,"37":0},"f":{"0":0,"1":0,"2":0,"3":0,"4":0,"5":0,"6":0,"7":0,"8":0,"9":0,"10":0,"11":0,"12":0,"13":0,"14":0},"b":{"0":[0,0,0],"1":[0,0],"2":[0,0],"3":[0,0],"4":[0,0],"5":[0,0],"6":[0,0],"7":[0,0],"8":[0,0],"9":[0,0],"10":[0,0],"11":[0,0],"12":[0,0],"13":[0,0,0],"14":[0,0]}}
,"/Users/yagnesh.modh/Projects/zeolearn-irie/src/Todo/filterTodo.js": {"path":"/Users/yagnesh.modh/Projects/zeolearn-irie/src/Todo/filterTodo.js","statementMap":{"0":{"start":{"line":4,"column":19},"end":{"line":34,"column":1}},"1":{"start":{"line":5,"column":2},"end":{"line":33,"column":4}},"2":{"start":{"line":16,"column":23},"end":{"line":16,"column":41}},"3":{"start":{"line":22,"column":23},"end":{"line":22,"column":45}},"4":{"start":{"line":28,"column":23},"end":{"line":28,"column":47}},"5":{"start":{"line":36,"column":0},"end":{"line":36,"column":26}}},"fnMap":{"0":{"name":"(anonymous_0)","decl":{"start":{"line":4,"column":19},"end":{"line":4,"column":20}},"loc":{"start":{"line":4,"column":40},"end":{"line":34,"column":1}},"line":4},"1":{"name":"(anonymous_1)","decl":{"start":{"line":16,"column":17},"end":{"line":16,"column":18}},"loc":{"start":{"line":16,"column":23},"end":{"line":16,"column":41}},"line":16},"2":{"name":"(anonymous_2)","decl":{"start":{"line":22,"column":17},"end":{"line":22,"column":18}},"loc":{"start":{"line":22,"column":23},"end":{"line":22,"column":45}},"line":22},"3":{"name":"(anonymous_3)","decl":{"start":{"line":28,"column":17},"end":{"line":28,"column":18}},"loc":{"start":{"line":28,"column":23},"end":{"line":28,"column":47}},"line":28}},"branchMap":{},"s":{"0":2,"1":1,"2":0,"3":0,"4":0,"5":2},"f":{"0":1,"1":0,"2":0,"3":0},"b":{},"_coverageSchema":"332fd63041d2c1bcb487cc26dd0d5f7d97098a6c","hash":"b5ba6bd6ba7ef452081f5cfd85d77a86befeb98f"}
,"/Users/yagnesh.modh/Projects/zeolearn-irie/src/Todo/index.js": {"path":"/Users/yagnesh.modh/Projects/zeolearn-irie/src/Todo/index.js","statementMap":{"0":{"start":{"line":21,"column":4},"end":{"line":21,"column":44}},"1":{"start":{"line":25,"column":4},"end":{"line":25,"column":23}},"2":{"start":{"line":26,"column":28},"end":{"line":26,"column":38}},"3":{"start":{"line":27,"column":4},"end":{"line":30,"column":5}},"4":{"start":{"line":28,"column":6},"end":{"line":28,"column":43}},"5":{"start":{"line":29,"column":6},"end":{"line":29,"column":13}},"6":{"start":{"line":31,"column":4},"end":{"line":37,"column":7}},"7":{"start":{"line":41,"column":22},"end":{"line":41,"column":32}},"8":{"start":{"line":42,"column":18},"end":{"line":42,"column":51}},"9":{"start":{"line":42,"column":39},"end":{"line":42,"column":50}},"10":{"start":{"line":43,"column":21},"end":{"line":47,"column":5}},"11":{"start":{"line":48,"column":4},"end":{"line":48,"column":39}},"12":{"start":{"line":52,"column":22},"end":{"line":52,"column":32}},"13":{"start":{"line":53,"column":4},"end":{"line":55,"column":7}},"14":{"start":{"line":54,"column":31},"end":{"line":54,"column":42}},"15":{"start":{"line":71,"column":4},"end":{"line":71,"column":30}},"16":{"start":{"line":75,"column":4},"end":{"line":75,"column":26}},"17":{"start":{"line":76,"column":43},"end":{"line":76,"column":53}},"18":{"start":{"line":78,"column":4},"end":{"line":113,"column":6}}},"fnMap":{"0":{"name":"(anonymous_0)","decl":{"start":{"line":20,"column":13},"end":{"line":20,"column":14}},"loc":{"start":{"line":20,"column":18},"end":{"line":22,"column":3}},"line":20},"1":{"name":"(anonymous_1)","decl":{"start":{"line":24,"column":14},"end":{"line":24,"column":15}},"loc":{"start":{"line":24,"column":19},"end":{"line":38,"column":3}},"line":24},"2":{"name":"(anonymous_2)","decl":{"start":{"line":40,"column":19},"end":{"line":40,"column":20}},"loc":{"start":{"line":40,"column":25},"end":{"line":49,"column":3}},"line":40},"3":{"name":"(anonymous_3)","decl":{"start":{"line":42,"column":34},"end":{"line":42,"column":35}},"loc":{"start":{"line":42,"column":39},"end":{"line":42,"column":50}},"line":42},"4":{"name":"(anonymous_4)","decl":{"start":{"line":51,"column":15},"end":{"line":51,"column":16}},"loc":{"start":{"line":51,"column":21},"end":{"line":56,"column":3}},"line":51},"5":{"name":"(anonymous_5)","decl":{"start":{"line":54,"column":26},"end":{"line":54,"column":27}},"loc":{"start":{"line":54,"column":31},"end":{"line":54,"column":42}},"line":54},"6":{"name":"(anonymous_6)","decl":{"start":{"line":58,"column":16},"end":{"line":58,"column":17}},"loc":{"start":{"line":58,"column":26},"end":{"line":72,"column":3}},"line":58},"7":{"name":"(anonymous_7)","decl":{"start":{"line":74,"column":2},"end":{"line":74,"column":3}},"loc":{"start":{"line":74,"column":11},"end":{"line":114,"column":3}},"line":74}},"branchMap":{"0":{"loc":{"start":{"line":27,"column":4},"end":{"line":30,"column":5}},"type":"if","locations":[{"start":{"line":27,"column":4},"end":{"line":30,"column":5}},{"start":{"line":27,"column":4},"end":{"line":30,"column":5}}],"line":27}},"s":{"0":1,"1":3,"2":3,"3":3,"4":1,"5":1,"6":2,"7":0,"8":0,"9":0,"10":0,"11":0,"12":0,"13":0,"14":0,"15":1,"16":12,"17":12,"18":12},"f":{"0":1,"1":3,"2":0,"3":0,"4":0,"5":0,"6":1,"7":12},"b":{"0":[1,2]},"_coverageSchema":"332fd63041d2c1bcb487cc26dd0d5f7d97098a6c","hash":"75498b5cc16fcba3d8eddadaebfbc4f078adcee0"}
,"/Users/yagnesh.modh/Projects/zeolearn-irie/src/Todo/todoForm.js": {"path":"/Users/yagnesh.modh/Projects/zeolearn-irie/src/Todo/todoForm.js","statementMap":{"0":{"start":{"line":4,"column":17},"end":{"line":23,"column":1}},"1":{"start":{"line":5,"column":2},"end":{"line":5,"column":26}},"2":{"start":{"line":6,"column":2},"end":{"line":22,"column":4}},"3":{"start":{"line":25,"column":0},"end":{"line":25,"column":24}}},"fnMap":{"0":{"name":"(anonymous_0)","decl":{"start":{"line":4,"column":17},"end":{"line":4,"column":18}},"loc":{"start":{"line":4,"column":59},"end":{"line":23,"column":1}},"line":4}},"branchMap":{"0":{"loc":{"start":{"line":17,"column":11},"end":{"line":17,"column":79}},"type":"binary-expr","locations":[{"start":{"line":17,"column":11},"end":{"line":17,"column":16}},{"start":{"line":17,"column":20},"end":{"line":17,"column":79}}],"line":17}},"s":{"0":2,"1":1,"2":1,"3":2},"f":{"0":1},"b":{"0":[1,0]},"_coverageSchema":"332fd63041d2c1bcb487cc26dd0d5f7d97098a6c","hash":"80e0c01ecf957fde63d1fc6b1c1dde73ed5c9ba0"}
,"/Users/yagnesh.modh/Projects/zeolearn-irie/src/Todo/todoList.js": {"path":"/Users/yagnesh.modh/Projects/zeolearn-irie/src/Todo/todoList.js","statementMap":{"0":{"start":{"line":4,"column":17},"end":{"line":46,"column":1}},"1":{"start":{"line":5,"column":24},"end":{"line":13,"column":4}},"2":{"start":{"line":6,"column":4},"end":{"line":12,"column":5}},"3":{"start":{"line":7,"column":6},"end":{"line":7,"column":23}},"4":{"start":{"line":8,"column":11},"end":{"line":12,"column":5}},"5":{"start":{"line":9,"column":6},"end":{"line":9,"column":22}},"6":{"start":{"line":11,"column":6},"end":{"line":11,"column":18}},"7":{"start":{"line":14,"column":2},"end":{"line":45,"column":4}},"8":{"start":{"line":22,"column":8},"end":{"line":42,"column":14}},"9":{"start":{"line":27,"column":27},"end":{"line":27,"column":50}},"10":{"start":{"line":39,"column":56},"end":{"line":39,"column":75}},"11":{"start":{"line":48,"column":0},"end":{"line":48,"column":24}}},"fnMap":{"0":{"name":"(anonymous_0)","decl":{"start":{"line":4,"column":17},"end":{"line":4,"column":18}},"loc":{"start":{"line":4,"column":68},"end":{"line":46,"column":1}},"line":4},"1":{"name":"(anonymous_1)","decl":{"start":{"line":5,"column":37},"end":{"line":5,"column":38}},"loc":{"start":{"line":5,"column":42},"end":{"line":13,"column":3}},"line":5},"2":{"name":"(anonymous_2)","decl":{"start":{"line":21,"column":25},"end":{"line":21,"column":26}},"loc":{"start":{"line":22,"column":8},"end":{"line":42,"column":14}},"line":22},"3":{"name":"(anonymous_3)","decl":{"start":{"line":27,"column":21},"end":{"line":27,"column":22}},"loc":{"start":{"line":27,"column":27},"end":{"line":27,"column":50}},"line":27},"4":{"name":"(anonymous_4)","decl":{"start":{"line":39,"column":50},"end":{"line":39,"column":51}},"loc":{"start":{"line":39,"column":56},"end":{"line":39,"column":75}},"line":39}},"branchMap":{"0":{"loc":{"start":{"line":6,"column":4},"end":{"line":12,"column":5}},"type":"if","locations":[{"start":{"line":6,"column":4},"end":{"line":12,"column":5}},{"start":{"line":6,"column":4},"end":{"line":12,"column":5}}],"line":6},"1":{"loc":{"start":{"line":8,"column":11},"end":{"line":12,"column":5}},"type":"if","locations":[{"start":{"line":8,"column":11},"end":{"line":12,"column":5}},{"start":{"line":8,"column":11},"end":{"line":12,"column":5}}],"line":8},"2":{"loc":{"start":{"line":34,"column":30},"end":{"line":34,"column":67}},"type":"cond-expr","locations":[{"start":{"line":34,"column":44},"end":{"line":34,"column":58}},{"start":{"line":34,"column":61},"end":{"line":34,"column":67}}],"line":34}},"s":{"0":2,"1":1,"2":0,"3":0,"4":0,"5":0,"6":0,"7":1,"8":0,"9":0,"10":0,"11":2},"f":{"0":1,"1":0,"2":0,"3":0,"4":0},"b":{"0":[0,0],"1":[0,0],"2":[0,0]},"_coverageSchema":"332fd63041d2c1bcb487cc26dd0d5f7d97098a6c","hash":"f4c05a7c089a4f9c538c37602b7a7094a98eeec4"}
}
